<?xml version="1.0" encoding="UTF-8"?>
<testsuite xmlns:xsi="http://www.w3.org/2001/XMLSchema-instance" xsi:noNamespaceSchemaLocation="https://maven.apache.org/surefire/maven-surefire-plugin/xsd/surefire-test-report.xsd" name="com.tust.salemanage.SaleManageApplicationTests" time="2.07" tests="1" errors="0" skipped="0" failures="0">
  <properties>
    <property name="sun.desktop" value="windows"/>
    <property name="awt.toolkit" value="sun.awt.windows.WToolkit"/>
    <property name="file.encoding.pkg" value="sun.io"/>
    <property name="java.specification.version" value="1.8"/>
    <property name="sun.cpu.isalist" value="amd64"/>
    <property name="sun.jnu.encoding" value="GBK"/>
    <property name="java.class.path" value="E:\workspace\java\SaleManage\target\test-classes;E:\workspace\java\SaleManage\target\classes;E:\repository\org\springframework\boot\spring-boot-starter-thymeleaf\2.7.16-SNAPSHOT\spring-boot-starter-thymeleaf-2.7.16-SNAPSHOT.jar;E:\repository\org\springframework\boot\spring-boot-starter\2.7.16-SNAPSHOT\spring-boot-starter-2.7.16-SNAPSHOT.jar;E:\repository\org\springframework\boot\spring-boot-starter-logging\2.7.16-SNAPSHOT\spring-boot-starter-logging-2.7.16-SNAPSHOT.jar;E:\repository\ch\qos\logback\logback-classic\1.2.12\logback-classic-1.2.12.jar;E:\repository\ch\qos\logback\logback-core\1.2.12\logback-core-1.2.12.jar;E:\repository\org\apache\logging\log4j\log4j-to-slf4j\2.17.2\log4j-to-slf4j-2.17.2.jar;E:\repository\org\apache\logging\log4j\log4j-api\2.17.2\log4j-api-2.17.2.jar;E:\repository\org\slf4j\jul-to-slf4j\1.7.36\jul-to-slf4j-1.7.36.jar;E:\repository\jakarta\annotation\jakarta.annotation-api\1.3.5\jakarta.annotation-api-1.3.5.jar;E:\repository\org\yaml\snakeyaml\1.30\snakeyaml-1.30.jar;E:\repository\org\thymeleaf\thymeleaf-spring5\3.0.15.RELEASE\thymeleaf-spring5-3.0.15.RELEASE.jar;E:\repository\org\thymeleaf\thymeleaf\3.0.15.RELEASE\thymeleaf-3.0.15.RELEASE.jar;E:\repository\org\attoparser\attoparser\2.0.5.RELEASE\attoparser-2.0.5.RELEASE.jar;E:\repository\org\unbescape\unbescape\1.1.6.RELEASE\unbescape-1.1.6.RELEASE.jar;E:\repository\org\slf4j\slf4j-api\1.7.36\slf4j-api-1.7.36.jar;E:\repository\org\thymeleaf\extras\thymeleaf-extras-java8time\3.0.4.RELEASE\thymeleaf-extras-java8time-3.0.4.RELEASE.jar;E:\repository\org\springframework\boot\spring-boot-starter-web\2.7.16-SNAPSHOT\spring-boot-starter-web-2.7.16-SNAPSHOT.jar;E:\repository\org\springframework\boot\spring-boot-starter-json\2.7.16-SNAPSHOT\spring-boot-starter-json-2.7.16-SNAPSHOT.jar;E:\repository\com\fasterxml\jackson\core\jackson-databind\2.13.5\jackson-databind-2.13.5.jar;E:\repository\com\fasterxml\jackson\core\jackson-annotations\2.13.5\jackson-annotations-2.13.5.jar;E:\repository\com\fasterxml\jackson\core\jackson-core\2.13.5\jackson-core-2.13.5.jar;E:\repository\com\fasterxml\jackson\datatype\jackson-datatype-jdk8\2.13.5\jackson-datatype-jdk8-2.13.5.jar;E:\repository\com\fasterxml\jackson\datatype\jackson-datatype-jsr310\2.13.5\jackson-datatype-jsr310-2.13.5.jar;E:\repository\com\fasterxml\jackson\module\jackson-module-parameter-names\2.13.5\jackson-module-parameter-names-2.13.5.jar;E:\repository\org\springframework\boot\spring-boot-starter-tomcat\2.7.16-SNAPSHOT\spring-boot-starter-tomcat-2.7.16-SNAPSHOT.jar;E:\repository\org\apache\tomcat\embed\tomcat-embed-core\9.0.79\tomcat-embed-core-9.0.79.jar;E:\repository\org\apache\tomcat\embed\tomcat-embed-el\9.0.79\tomcat-embed-el-9.0.79.jar;E:\repository\org\apache\tomcat\embed\tomcat-embed-websocket\9.0.79\tomcat-embed-websocket-9.0.79.jar;E:\repository\org\springframework\spring-web\5.3.29\spring-web-5.3.29.jar;E:\repository\org\springframework\spring-beans\5.3.29\spring-beans-5.3.29.jar;E:\repository\org\springframework\spring-webmvc\5.3.29\spring-webmvc-5.3.29.jar;E:\repository\org\springframework\spring-aop\5.3.29\spring-aop-5.3.29.jar;E:\repository\org\springframework\spring-context\5.3.29\spring-context-5.3.29.jar;E:\repository\org\springframework\spring-expression\5.3.29\spring-expression-5.3.29.jar;E:\repository\org\mybatis\spring\boot\mybatis-spring-boot-starter\2.3.1\mybatis-spring-boot-starter-2.3.1.jar;E:\repository\org\springframework\boot\spring-boot-starter-jdbc\2.7.16-SNAPSHOT\spring-boot-starter-jdbc-2.7.16-SNAPSHOT.jar;E:\repository\com\zaxxer\HikariCP\4.0.3\HikariCP-4.0.3.jar;E:\repository\org\springframework\spring-jdbc\5.3.29\spring-jdbc-5.3.29.jar;E:\repository\org\mybatis\spring\boot\mybatis-spring-boot-autoconfigure\2.3.1\mybatis-spring-boot-autoconfigure-2.3.1.jar;E:\repository\org\mybatis\mybatis\3.5.13\mybatis-3.5.13.jar;E:\repository\org\mybatis\mybatis-spring\2.1.1\mybatis-spring-2.1.1.jar;E:\repository\org\springframework\boot\spring-boot-devtools\2.7.16-SNAPSHOT\spring-boot-devtools-2.7.16-SNAPSHOT.jar;E:\repository\org\springframework\boot\spring-boot\2.7.16-SNAPSHOT\spring-boot-2.7.16-SNAPSHOT.jar;E:\repository\org\springframework\boot\spring-boot-autoconfigure\2.7.16-SNAPSHOT\spring-boot-autoconfigure-2.7.16-SNAPSHOT.jar;E:\repository\com\mysql\mysql-connector-j\8.0.33\mysql-connector-j-8.0.33.jar;E:\repository\org\springframework\boot\spring-boot-configuration-processor\2.7.16-SNAPSHOT\spring-boot-configuration-processor-2.7.16-SNAPSHOT.jar;E:\repository\org\projectlombok\lombok\1.18.28\lombok-1.18.28.jar;E:\repository\org\springframework\boot\spring-boot-starter-test\2.7.16-SNAPSHOT\spring-boot-starter-test-2.7.16-SNAPSHOT.jar;E:\repository\org\springframework\boot\spring-boot-test\2.7.16-SNAPSHOT\spring-boot-test-2.7.16-SNAPSHOT.jar;E:\repository\org\springframework\boot\spring-boot-test-autoconfigure\2.7.16-SNAPSHOT\spring-boot-test-autoconfigure-2.7.16-SNAPSHOT.jar;E:\repository\com\jayway\jsonpath\json-path\2.7.0\json-path-2.7.0.jar;E:\repository\net\minidev\json-smart\2.4.11\json-smart-2.4.11.jar;E:\repository\net\minidev\accessors-smart\2.4.11\accessors-smart-2.4.11.jar;E:\repository\org\ow2\asm\asm\9.3\asm-9.3.jar;E:\repository\jakarta\xml\bind\jakarta.xml.bind-api\2.3.3\jakarta.xml.bind-api-2.3.3.jar;E:\repository\jakarta\activation\jakarta.activation-api\1.2.2\jakarta.activation-api-1.2.2.jar;E:\repository\org\assertj\assertj-core\3.22.0\assertj-core-3.22.0.jar;E:\repository\org\hamcrest\hamcrest\2.2\hamcrest-2.2.jar;E:\repository\org\junit\jupiter\junit-jupiter\5.8.2\junit-jupiter-5.8.2.jar;E:\repository\org\junit\jupiter\junit-jupiter-api\5.8.2\junit-jupiter-api-5.8.2.jar;E:\repository\org\opentest4j\opentest4j\1.2.0\opentest4j-1.2.0.jar;E:\repository\org\junit\platform\junit-platform-commons\1.8.2\junit-platform-commons-1.8.2.jar;E:\repository\org\apiguardian\apiguardian-api\1.1.2\apiguardian-api-1.1.2.jar;E:\repository\org\junit\jupiter\junit-jupiter-params\5.8.2\junit-jupiter-params-5.8.2.jar;E:\repository\org\junit\jupiter\junit-jupiter-engine\5.8.2\junit-jupiter-engine-5.8.2.jar;E:\repository\org\junit\platform\junit-platform-engine\1.8.2\junit-platform-engine-1.8.2.jar;E:\repository\org\mockito\mockito-core\4.5.1\mockito-core-4.5.1.jar;E:\repository\net\bytebuddy\byte-buddy\1.12.23\byte-buddy-1.12.23.jar;E:\repository\net\bytebuddy\byte-buddy-agent\1.12.23\byte-buddy-agent-1.12.23.jar;E:\repository\org\objenesis\objenesis\3.2\objenesis-3.2.jar;E:\repository\org\mockito\mockito-junit-jupiter\4.5.1\mockito-junit-jupiter-4.5.1.jar;E:\repository\org\skyscreamer\jsonassert\1.5.1\jsonassert-1.5.1.jar;E:\repository\com\vaadin\external\google\android-json\0.0.20131108.vaadin1\android-json-0.0.20131108.vaadin1.jar;E:\repository\org\springframework\spring-core\5.3.29\spring-core-5.3.29.jar;E:\repository\org\springframework\spring-jcl\5.3.29\spring-jcl-5.3.29.jar;E:\repository\org\springframework\spring-test\5.3.29\spring-test-5.3.29.jar;E:\repository\org\xmlunit\xmlunit-core\2.9.1\xmlunit-core-2.9.1.jar;E:\repository\org\mybatis\spring\boot\mybatis-spring-boot-starter-test\2.3.1\mybatis-spring-boot-starter-test-2.3.1.jar;E:\repository\org\mybatis\spring\boot\mybatis-spring-boot-test-autoconfigure\2.3.1\mybatis-spring-boot-test-autoconfigure-2.3.1.jar;E:\repository\org\springframework\spring-tx\5.3.29\spring-tx-5.3.29.jar;"/>
    <property name="java.vm.vendor" value="Amazon.com Inc."/>
    <property name="sun.arch.data.model" value="64"/>
    <property name="user.variant" value=""/>
    <property name="java.vendor.url" value="https://aws.amazon.com/corretto/"/>
    <property name="user.timezone" value="Asia/Shanghai"/>
    <property name="java.vm.specification.version" value="1.8"/>
    <property name="os.name" value="Windows 10"/>
    <property name="user.country" value="CN"/>
    <property name="sun.java.launcher" value="SUN_STANDARD"/>
    <property name="sun.boot.library.path" value="E:\jdk1.8\jre\bin"/>
    <property name="sun.java.command" value="C:\Users\zzabc\AppData\Local\Temp\surefire4534275064514061860\surefirebooter5115489243016840666.jar C:\Users\zzabc\AppData\Local\Temp\surefire4534275064514061860 2023-09-07T13-27-47_496-jvmRun1 surefire3316937112348956049tmp surefire_03721060997941376209tmp"/>
    <property name="surefire.test.class.path" value="E:\workspace\java\SaleManage\target\test-classes;E:\workspace\java\SaleManage\target\classes;E:\repository\org\springframework\boot\spring-boot-starter-thymeleaf\2.7.16-SNAPSHOT\spring-boot-starter-thymeleaf-2.7.16-SNAPSHOT.jar;E:\repository\org\springframework\boot\spring-boot-starter\2.7.16-SNAPSHOT\spring-boot-starter-2.7.16-SNAPSHOT.jar;E:\repository\org\springframework\boot\spring-boot-starter-logging\2.7.16-SNAPSHOT\spring-boot-starter-logging-2.7.16-SNAPSHOT.jar;E:\repository\ch\qos\logback\logback-classic\1.2.12\logback-classic-1.2.12.jar;E:\repository\ch\qos\logback\logback-core\1.2.12\logback-core-1.2.12.jar;E:\repository\org\apache\logging\log4j\log4j-to-slf4j\2.17.2\log4j-to-slf4j-2.17.2.jar;E:\repository\org\apache\logging\log4j\log4j-api\2.17.2\log4j-api-2.17.2.jar;E:\repository\org\slf4j\jul-to-slf4j\1.7.36\jul-to-slf4j-1.7.36.jar;E:\repository\jakarta\annotation\jakarta.annotation-api\1.3.5\jakarta.annotation-api-1.3.5.jar;E:\repository\org\yaml\snakeyaml\1.30\snakeyaml-1.30.jar;E:\repository\org\thymeleaf\thymeleaf-spring5\3.0.15.RELEASE\thymeleaf-spring5-3.0.15.RELEASE.jar;E:\repository\org\thymeleaf\thymeleaf\3.0.15.RELEASE\thymeleaf-3.0.15.RELEASE.jar;E:\repository\org\attoparser\attoparser\2.0.5.RELEASE\attoparser-2.0.5.RELEASE.jar;E:\repository\org\unbescape\unbescape\1.1.6.RELEASE\unbescape-1.1.6.RELEASE.jar;E:\repository\org\slf4j\slf4j-api\1.7.36\slf4j-api-1.7.36.jar;E:\repository\org\thymeleaf\extras\thymeleaf-extras-java8time\3.0.4.RELEASE\thymeleaf-extras-java8time-3.0.4.RELEASE.jar;E:\repository\org\springframework\boot\spring-boot-starter-web\2.7.16-SNAPSHOT\spring-boot-starter-web-2.7.16-SNAPSHOT.jar;E:\repository\org\springframework\boot\spring-boot-starter-json\2.7.16-SNAPSHOT\spring-boot-starter-json-2.7.16-SNAPSHOT.jar;E:\repository\com\fasterxml\jackson\core\jackson-databind\2.13.5\jackson-databind-2.13.5.jar;E:\repository\com\fasterxml\jackson\core\jackson-annotations\2.13.5\jackson-annotations-2.13.5.jar;E:\repository\com\fasterxml\jackson\core\jackson-core\2.13.5\jackson-core-2.13.5.jar;E:\repository\com\fasterxml\jackson\datatype\jackson-datatype-jdk8\2.13.5\jackson-datatype-jdk8-2.13.5.jar;E:\repository\com\fasterxml\jackson\datatype\jackson-datatype-jsr310\2.13.5\jackson-datatype-jsr310-2.13.5.jar;E:\repository\com\fasterxml\jackson\module\jackson-module-parameter-names\2.13.5\jackson-module-parameter-names-2.13.5.jar;E:\repository\org\springframework\boot\spring-boot-starter-tomcat\2.7.16-SNAPSHOT\spring-boot-starter-tomcat-2.7.16-SNAPSHOT.jar;E:\repository\org\apache\tomcat\embed\tomcat-embed-core\9.0.79\tomcat-embed-core-9.0.79.jar;E:\repository\org\apache\tomcat\embed\tomcat-embed-el\9.0.79\tomcat-embed-el-9.0.79.jar;E:\repository\org\apache\tomcat\embed\tomcat-embed-websocket\9.0.79\tomcat-embed-websocket-9.0.79.jar;E:\repository\org\springframework\spring-web\5.3.29\spring-web-5.3.29.jar;E:\repository\org\springframework\spring-beans\5.3.29\spring-beans-5.3.29.jar;E:\repository\org\springframework\spring-webmvc\5.3.29\spring-webmvc-5.3.29.jar;E:\repository\org\springframework\spring-aop\5.3.29\spring-aop-5.3.29.jar;E:\repository\org\springframework\spring-context\5.3.29\spring-context-5.3.29.jar;E:\repository\org\springframework\spring-expression\5.3.29\spring-expression-5.3.29.jar;E:\repository\org\mybatis\spring\boot\mybatis-spring-boot-starter\2.3.1\mybatis-spring-boot-starter-2.3.1.jar;E:\repository\org\springframework\boot\spring-boot-starter-jdbc\2.7.16-SNAPSHOT\spring-boot-starter-jdbc-2.7.16-SNAPSHOT.jar;E:\repository\com\zaxxer\HikariCP\4.0.3\HikariCP-4.0.3.jar;E:\repository\org\springframework\spring-jdbc\5.3.29\spring-jdbc-5.3.29.jar;E:\repository\org\mybatis\spring\boot\mybatis-spring-boot-autoconfigure\2.3.1\mybatis-spring-boot-autoconfigure-2.3.1.jar;E:\repository\org\mybatis\mybatis\3.5.13\mybatis-3.5.13.jar;E:\repository\org\mybatis\mybatis-spring\2.1.1\mybatis-spring-2.1.1.jar;E:\repository\org\springframework\boot\spring-boot-devtools\2.7.16-SNAPSHOT\spring-boot-devtools-2.7.16-SNAPSHOT.jar;E:\repository\org\springframework\boot\spring-boot\2.7.16-SNAPSHOT\spring-boot-2.7.16-SNAPSHOT.jar;E:\repository\org\springframework\boot\spring-boot-autoconfigure\2.7.16-SNAPSHOT\spring-boot-autoconfigure-2.7.16-SNAPSHOT.jar;E:\repository\com\mysql\mysql-connector-j\8.0.33\mysql-connector-j-8.0.33.jar;E:\repository\org\springframework\boot\spring-boot-configuration-processor\2.7.16-SNAPSHOT\spring-boot-configuration-processor-2.7.16-SNAPSHOT.jar;E:\repository\org\projectlombok\lombok\1.18.28\lombok-1.18.28.jar;E:\repository\org\springframework\boot\spring-boot-starter-test\2.7.16-SNAPSHOT\spring-boot-starter-test-2.7.16-SNAPSHOT.jar;E:\repository\org\springframework\boot\spring-boot-test\2.7.16-SNAPSHOT\spring-boot-test-2.7.16-SNAPSHOT.jar;E:\repository\org\springframework\boot\spring-boot-test-autoconfigure\2.7.16-SNAPSHOT\spring-boot-test-autoconfigure-2.7.16-SNAPSHOT.jar;E:\repository\com\jayway\jsonpath\json-path\2.7.0\json-path-2.7.0.jar;E:\repository\net\minidev\json-smart\2.4.11\json-smart-2.4.11.jar;E:\repository\net\minidev\accessors-smart\2.4.11\accessors-smart-2.4.11.jar;E:\repository\org\ow2\asm\asm\9.3\asm-9.3.jar;E:\repository\jakarta\xml\bind\jakarta.xml.bind-api\2.3.3\jakarta.xml.bind-api-2.3.3.jar;E:\repository\jakarta\activation\jakarta.activation-api\1.2.2\jakarta.activation-api-1.2.2.jar;E:\repository\org\assertj\assertj-core\3.22.0\assertj-core-3.22.0.jar;E:\repository\org\hamcrest\hamcrest\2.2\hamcrest-2.2.jar;E:\repository\org\junit\jupiter\junit-jupiter\5.8.2\junit-jupiter-5.8.2.jar;E:\repository\org\junit\jupiter\junit-jupiter-api\5.8.2\junit-jupiter-api-5.8.2.jar;E:\repository\org\opentest4j\opentest4j\1.2.0\opentest4j-1.2.0.jar;E:\repository\org\junit\platform\junit-platform-commons\1.8.2\junit-platform-commons-1.8.2.jar;E:\repository\org\apiguardian\apiguardian-api\1.1.2\apiguardian-api-1.1.2.jar;E:\repository\org\junit\jupiter\junit-jupiter-params\5.8.2\junit-jupiter-params-5.8.2.jar;E:\repository\org\junit\jupiter\junit-jupiter-engine\5.8.2\junit-jupiter-engine-5.8.2.jar;E:\repository\org\junit\platform\junit-platform-engine\1.8.2\junit-platform-engine-1.8.2.jar;E:\repository\org\mockito\mockito-core\4.5.1\mockito-core-4.5.1.jar;E:\repository\net\bytebuddy\byte-buddy\1.12.23\byte-buddy-1.12.23.jar;E:\repository\net\bytebuddy\byte-buddy-agent\1.12.23\byte-buddy-agent-1.12.23.jar;E:\repository\org\objenesis\objenesis\3.2\objenesis-3.2.jar;E:\repository\org\mockito\mockito-junit-jupiter\4.5.1\mockito-junit-jupiter-4.5.1.jar;E:\repository\org\skyscreamer\jsonassert\1.5.1\jsonassert-1.5.1.jar;E:\repository\com\vaadin\external\google\android-json\0.0.20131108.vaadin1\android-json-0.0.20131108.vaadin1.jar;E:\repository\org\springframework\spring-core\5.3.29\spring-core-5.3.29.jar;E:\repository\org\springframework\spring-jcl\5.3.29\spring-jcl-5.3.29.jar;E:\repository\org\springframework\spring-test\5.3.29\spring-test-5.3.29.jar;E:\repository\org\xmlunit\xmlunit-core\2.9.1\xmlunit-core-2.9.1.jar;E:\repository\org\mybatis\spring\boot\mybatis-spring-boot-starter-test\2.3.1\mybatis-spring-boot-starter-test-2.3.1.jar;E:\repository\org\mybatis\spring\boot\mybatis-spring-boot-test-autoconfigure\2.3.1\mybatis-spring-boot-test-autoconfigure-2.3.1.jar;E:\repository\org\springframework\spring-tx\5.3.29\spring-tx-5.3.29.jar;"/>
    <property name="sun.cpu.endian" value="little"/>
    <property name="user.home" value="C:\Users\zzabc"/>
    <property name="user.language" value="zh"/>
    <property name="java.specification.vendor" value="Oracle Corporation"/>
    <property name="java.home" value="E:\jdk1.8\jre"/>
    <property name="basedir" value="E:\workspace\java\SaleManage"/>
    <property name="file.separator" value="\"/>
    <property name="line.separator" value="&#10;"/>
    <property name="java.vm.specification.vendor" value="Oracle Corporation"/>
    <property name="java.specification.name" value="Java Platform API Specification"/>
    <property name="java.awt.graphicsenv" value="sun.awt.Win32GraphicsEnvironment"/>
    <property name="surefire.real.class.path" value="C:\Users\zzabc\AppData\Local\Temp\surefire4534275064514061860\surefirebooter5115489243016840666.jar"/>
    <property name="sun.boot.class.path" value="E:\jdk1.8\jre\lib\resources.jar;E:\jdk1.8\jre\lib\rt.jar;E:\jdk1.8\jre\lib\sunrsasign.jar;E:\jdk1.8\jre\lib\jsse.jar;E:\jdk1.8\jre\lib\jce.jar;E:\jdk1.8\jre\lib\charsets.jar;E:\jdk1.8\jre\lib\jfr.jar;E:\jdk1.8\jre\classes"/>
    <property name="user.script" value=""/>
    <property name="sun.management.compiler" value="HotSpot 64-Bit Tiered Compilers"/>
    <property name="java.runtime.version" value="1.8.0_322-b06"/>
    <property name="user.name" value="zzabc"/>
    <property name="path.separator" value=";"/>
    <property name="os.version" value="10.0"/>
    <property name="java.endorsed.dirs" value="E:\jdk1.8\jre\lib\endorsed"/>
    <property name="java.runtime.name" value="OpenJDK Runtime Environment"/>
    <property name="file.encoding" value="GBK"/>
    <property name="java.vm.name" value="OpenJDK 64-Bit Server VM"/>
    <property name="localRepository" value="E:\repository"/>
    <property name="java.vendor.url.bug" value="https://github.com/corretto/corretto-8/issues/"/>
    <property name="java.io.tmpdir" value="C:\Users\zzabc\AppData\Local\Temp\"/>
    <property name="idea.version" value="2023.1.2"/>
    <property name="java.version" value="1.8.0_322"/>
    <property name="user.dir" value="E:\workspace\java\SaleManage"/>
    <property name="os.arch" value="amd64"/>
    <property name="java.vm.specification.name" value="Java Virtual Machine Specification"/>
    <property name="java.awt.printerjob" value="sun.awt.windows.WPrinterJob"/>
    <property name="sun.os.patch.level" value=""/>
    <property name="java.library.path" value="E:\jdk1.8\jre\bin;C:\WINDOWS\Sun\Java\bin;C:\WINDOWS\system32;C:\WINDOWS;D:\VMWare\bin\;C:\WINDOWS\system32;C:\WINDOWS;C:\WINDOWS\System32\Wbem;C:\WINDOWS\System32\WindowsPowerShell\v1.0\;C:\WINDOWS\System32\OpenSSH\;E:\jdk1.8\bin;E:\jdk1.8\jre\bin;E:\tomcat8\bin;D:\xftp\;D:\xshell\;D:\nodeJs\;D:\nodeJs\node_global;D:\mysql\bin;;C:\Program Files (x86)\NVIDIA Corporation\PhysX\Common;D:\python\Scripts\;D:\python\;C:\Users\zzabc\AppData\Local\Microsoft\WindowsApps;;D:\IntelliJ IDEA 2023.1.2\bin;;D:\DataGrip 2023.1.2\bin;;D:\CLion 2023.1.2\bin;;C:\Users\zzabc\AppData\Roaming\npm;D:\PyCharm 2023.1.2\bin;;."/>
    <property name="java.vm.info" value="mixed mode"/>
    <property name="java.vendor" value="Amazon.com Inc."/>
    <property name="java.vm.version" value="25.322-b06"/>
    <property name="java.ext.dirs" value="E:\jdk1.8\jre\lib\ext;C:\WINDOWS\Sun\Java\lib\ext"/>
    <property name="sun.io.unicode.encoding" value="UnicodeLittle"/>
    <property name="maven.repo.local" value="E:\repository"/>
    <property name="java.class.version" value="52.0"/>
  </properties>
  <testcase name="contextLoads" classname="com.tust.salemanage.SaleManageApplicationTests" time="0.176"/>
</testsuite>